TN:
SF:src/core/InterestRateModel.sol
DA:28,52
FN:28,InterestRateModel.constructor
FNDA:52,InterestRateModel.constructor
DA:36,52
DA:37,52
DA:38,52
DA:39,52
DA:40,52
DA:41,52
DA:48,46
FN:48,InterestRateModel.calculateInterestRate
FNDA:46,InterestRateModel.calculateInterestRate
DA:53,46
DA:55,46
BRDA:55,0,0,42
BRDA:55,0,1,4
DA:57,42
DA:60,4
DA:61,4
DA:67,46
BRDA:67,1,0,1
DA:68,1
DA:70,45
BRDA:70,2,0,1
DA:71,1
DA:74,44
DA:80,4
FN:80,InterestRateModel.updateParameters
FNDA:4,InterestRateModel.updateParameters
DA:88,3
BRDA:88,3,0,1
BRDA:88,3,1,2
DA:89,2
BRDA:89,4,0,1
BRDA:89,4,1,1
DA:91,1
DA:92,1
DA:93,1
DA:94,1
DA:95,1
DA:96,1
DA:98,1
FNF:3
FNH:3
LF:28
LH:28
BRF:8
BRH:8
end_of_record
TN:
SF:src/core/LendingPool.sol
DA:76,40
FN:76,LendingPool.constructor
FNDA:40,LendingPool.constructor
DA:83,40
BRDA:83,0,0,1
BRDA:83,0,1,39
DA:85,39
DA:86,39
DA:87,39
DA:88,39
DA:89,39
DA:90,39
DA:91,39
DA:92,39
DA:95,39
DA:98,39
DA:100,39
DA:106,2
FN:106,LendingPool.updateInterestRate
FNDA:2,LendingPool.updateInterestRate
DA:107,42
BRDA:107,1,0,2
DA:108,2
DA:109,2
DA:113,40
DA:116,40
DA:117,40
DA:119,40
DA:126,2
FN:126,LendingPool.updateCollateralRatio
FNDA:2,LendingPool.updateCollateralRatio
DA:127,2
BRDA:127,2,0,1
BRDA:127,2,1,1
DA:128,1
DA:129,1
DA:136,2
FN:136,LendingPool.updateInterestRateModel
FNDA:2,LendingPool.updateInterestRateModel
DA:137,2
BRDA:137,3,0,1
BRDA:137,3,1,1
DA:138,1
DA:139,1
DA:146,2
FN:146,LendingPool.updateProtocolFeeRate
FNDA:2,LendingPool.updateProtocolFeeRate
DA:147,2
BRDA:147,4,0,1
BRDA:147,4,1,1
DA:148,1
DA:149,1
DA:155,6
FN:155,LendingPool.collectProtocolFees
FNDA:6,LendingPool.collectProtocolFees
DA:156,6
BRDA:156,5,0,1
BRDA:156,5,1,5
DA:157,5
DA:158,5
DA:160,5
BRDA:160,6,0,2
BRDA:160,6,1,1
DA:161,2
DA:162,2
BRDA:162,7,0,1
BRDA:162,7,1,1
DA:164,3
DA:167,4
DA:175,18
FN:175,LendingPool._calculateProtocolFee
FNDA:18,LendingPool._calculateProtocolFee
DA:176,18
DA:179,18
FN:179,LendingPool._addProtocolFees
FNDA:18,LendingPool._addProtocolFees
DA:180,18
BRDA:180,8,0,18
DA:181,18
DA:182,18
DA:190,37
FN:190,LendingPool.deposit
FNDA:37,LendingPool.deposit
DA:191,37
BRDA:191,9,0,-
BRDA:191,9,1,37
DA:194,37
BRDA:194,10,0,4
BRDA:194,10,1,33
DA:195,4
BRDA:195,11,0,-
BRDA:195,11,1,4
DA:197,33
BRDA:197,12,0,-
BRDA:197,12,1,33
DA:198,33
BRDA:198,13,0,-
BRDA:198,13,1,33
DA:199,33
DA:203,37
DA:206,37
DA:208,37
DA:209,37
DA:216,0
FN:216,LendingPool.withdraw
FNDA:0,LendingPool.withdraw
DA:217,0
BRDA:217,14,0,-
BRDA:217,14,1,-
DA:218,0
BRDA:218,15,0,-
BRDA:218,15,1,-
DA:221,0
DA:224,0
DA:227,0
BRDA:227,16,0,-
BRDA:227,16,1,-
DA:228,0
DA:229,0
BRDA:229,17,0,-
BRDA:229,17,1,-
DA:231,0
DA:234,0
DA:235,0
DA:242,18
FN:242,LendingPool.supplyCollateral
FNDA:18,LendingPool.supplyCollateral
DA:243,18
BRDA:243,18,0,-
BRDA:243,18,1,18
DA:246,18
DA:249,18
DA:251,18
DA:258,3
FN:258,LendingPool.withdrawCollateral
FNDA:3,LendingPool.withdrawCollateral
DA:259,3
BRDA:259,19,0,-
BRDA:259,19,1,3
DA:260,3
BRDA:260,20,0,1
BRDA:260,20,1,2
DA:263,2
DA:264,2
DA:266,2
BRDA:266,21,0,1
DA:267,1
DA:268,1
BRDA:268,22,0,1
BRDA:268,22,1,-
DA:272,1
DA:275,1
DA:277,1
DA:285,5
FN:285,LendingPool.calculateHealthFactor
FNDA:5,LendingPool.calculateHealthFactor
DA:286,24
DA:287,24
DA:289,23
DA:290,23
DA:293,23
DA:294,23
DA:297,23
BRDA:297,25,0,-
BRDA:297,25,1,23
DA:301,23
DA:302,23
BRDA:302,26,0,-
BRDA:302,26,1,23
DA:304,23
DA:311,0
FN:311,LendingPool.getAvailableLiquidity
FNDA:0,LendingPool.getAvailableLiquidity
DA:312,16
DA:320,0
FN:320,LendingPool.getBorrowLimit
FNDA:0,LendingPool.getBorrowLimit
DA:321,15
DA:324,15
DA:327,15
DA:330,15
DA:331,15
DA:333,15
DA:334,17
DA:335,17
BRDA:335,28,0,2
DA:336,2
DA:337,2
BRDA:337,29,0,1
DA:338,1
DA:344,15
DA:345,15
DA:352,16
FN:352,LendingPool.borrow
FNDA:16,LendingPool.borrow
DA:353,16
BRDA:353,31,0,-
BRDA:353,31,1,16
DA:354,16
BRDA:354,32,0,-
BRDA:354,32,1,16
DA:357,16
BRDA:357,33,0,-
BRDA:357,33,1,16
DA:360,16
DA:361,16
DA:364,16
DA:365,16
DA:366,16
DA:367,16
BRDA:367,34,0,1
BRDA:367,34,1,15
DA:370,15
BRDA:370,35,0,-
BRDA:370,35,1,15
DA:373,15
DA:374,15
DA:377,15
DA:380,15
BRDA:380,36,0,2
BRDA:380,36,1,-
DA:381,2
BRDA:381,37,0,-
BRDA:381,37,1,2
DA:382,2
DA:383,2
BRDA:383,38,0,-
BRDA:383,38,1,2
DA:384,2
BRDA:384,39,0,-
DA:385,0
DA:386,0
BRDA:386,40,0,-
BRDA:386,40,1,-
DA:389,13
DA:392,15
DA:399,3
FN:399,LendingPool.repay
FNDA:3,LendingPool.repay
DA:400,3
BRDA:400,41,0,-
BRDA:400,41,1,3
DA:401,3
BRDA:401,42,0,1
BRDA:401,42,1,2
DA:404,2
DA:405,2
DA:408,2
DA:409,2
DA:412,2
DA:415,2
BRDA:415,43,0,-
BRDA:415,43,1,2
DA:416,0
BRDA:416,44,0,-
BRDA:416,44,1,-
DA:417,0
BRDA:417,45,0,-
DA:418,0
DA:419,0
BRDA:419,46,0,-
BRDA:419,46,1,-
DA:422,2
BRDA:422,47,0,-
BRDA:422,47,1,2
DA:423,2
DA:426,2
DA:427,2
DA:435,4
FN:435,LendingPool.liquidate
FNDA:4,LendingPool.liquidate
DA:436,4
BRDA:436,48,0,-
BRDA:436,48,1,4
DA:437,4
BRDA:437,49,0,1
BRDA:437,49,1,3
DA:438,3
BRDA:438,50,0,-
BRDA:438,50,1,3
DA:441,3
DA:442,3
BRDA:442,51,0,1
BRDA:442,51,1,2
DA:445,2
DA:446,2
DA:447,2
DA:450,2
BRDA:450,52,0,-
BRDA:450,52,1,2
DA:453,2
BRDA:453,53,0,1
BRDA:453,53,1,1
DA:454,1
BRDA:454,54,0,-
BRDA:454,54,1,1
DA:456,1
BRDA:456,55,0,-
BRDA:456,55,1,1
DA:460,2
DA:461,2
DA:464,2
DA:465,2
DA:468,2
DA:470,2
DA:476,0
FN:476,LendingPool.receive
FNDA:0,LendingPool.receive
DA:477,0
BRDA:477,56,0,-
BRDA:477,56,1,-
FNF:19
FNH:15
LF:174
LH:153
BRF:99
BRH:57
end_of_record
TN:
SF:src/core/LendingPoolFactory.sol
DA:33,42
FN:33,LendingPoolFactory.constructor
FNDA:42,LendingPoolFactory.constructor
DA:34,42
BRDA:34,0,0,-
BRDA:34,0,1,42
DA:35,42
DA:42,5
FN:42,LendingPoolFactory.updateProtocolFeeRate
FNDA:5,LendingPoolFactory.updateProtocolFeeRate
DA:43,4
BRDA:43,1,0,2
BRDA:43,1,1,2
DA:44,2
DA:45,2
DA:51,6
FN:51,LendingPoolFactory.getProtocolFeeRate
FNDA:6,LendingPoolFactory.getProtocolFeeRate
DA:52,6
DA:58,2
FN:58,LendingPoolFactory.collectAllProtocolFees
FNDA:2,LendingPoolFactory.collectAllProtocolFees
DA:59,1
DA:60,1
DA:61,2
DA:62,2
DA:63,2
BRDA:63,2,0,2
DA:64,2
DA:65,2
DA:68,1
BRDA:68,3,0,-
BRDA:68,3,1,1
DA:69,1
DA:80,41
FN:80,LendingPoolFactory.createPool
FNDA:41,LendingPoolFactory.createPool
DA:87,41
BRDA:87,4,0,1
BRDA:87,4,1,40
DA:88,40
BRDA:88,5,0,1
BRDA:88,5,1,39
DA:89,39
BRDA:89,6,0,1
BRDA:89,6,1,38
DA:92,38
BRDA:92,7,0,1
BRDA:92,7,1,37
DA:95,37
DA:98,37
DA:101,37
DA:111,37
DA:120,37
DA:123,37
DA:124,37
DA:126,37
DA:128,37
DA:135,2
FN:135,LendingPoolFactory.getPool
FNDA:2,LendingPoolFactory.getPool
DA:136,2
DA:142,3
FN:142,LendingPoolFactory.getAllPools
FNDA:3,LendingPoolFactory.getAllPools
DA:143,3
DA:149,0
FN:149,LendingPoolFactory.getPoolCount
FNDA:0,LendingPoolFactory.getPoolCount
DA:150,0
DA:153,15
FN:153,LendingPoolFactory.getUserPools
FNDA:15,LendingPoolFactory.getUserPools
DA:154,15
DA:155,15
DA:157,15
DA:158,19
DA:159,19
BRDA:159,8,0,17
DA:160,17
DA:161,17
DA:167,15
DA:170,15
DA:177,0
FN:177,LendingPoolFactory.withdrawFees
FNDA:0,LendingPoolFactory.withdrawFees
DA:178,0
BRDA:178,9,0,-
BRDA:178,9,1,-
DA:179,0
DA:180,0
BRDA:180,10,0,-
BRDA:180,10,1,-
DA:181,0
DA:182,0
BRDA:182,11,0,-
BRDA:182,11,1,-
DA:183,0
DA:185,0
DA:186,0
BRDA:186,12,0,-
BRDA:186,12,1,-
DA:187,0
DA:188,0
FNF:10
FNH:8
LF:60
LH:47
BRF:24
BRH:14
end_of_record
TN:
SF:src/tokens/CToken.sol
DA:17,41
FN:17,CToken.onlyLendingPool
FNDA:41,CToken.onlyLendingPool
DA:18,41
BRDA:18,0,0,-
BRDA:18,0,1,1
DA:28,46
FN:28,CToken.constructor
FNDA:46,CToken.constructor
DA:33,46
DA:41,46
FN:41,CToken.setLendingPool
FNDA:46,CToken.setLendingPool
DA:42,46
BRDA:42,1,0,-
BRDA:42,1,1,46
DA:43,46
BRDA:43,2,0,-
BRDA:43,2,1,46
DA:45,46
DA:48,46
DA:50,46
DA:59,41
FN:59,CToken.mint
FNDA:41,CToken.mint
DA:60,41
DA:69,1
FN:69,CToken.burn
FNDA:1,CToken.burn
DA:70,1
FNF:5
FNH:5
LF:14
LH:14
BRF:6
BRH:3
end_of_record
TN:
SF:src/utils/PriceOracle.sol
DA:22,67
FN:22,PriceOracle.authorizeCaller
FNDA:67,PriceOracle.authorizeCaller
DA:23,67
DA:31,124
FN:31,PriceOracle.setPriceFeed
FNDA:124,PriceOracle.setPriceFeed
DA:32,124
BRDA:32,0,0,1
BRDA:32,0,1,123
DA:33,123
BRDA:33,1,0,-
BRDA:33,1,1,123
DA:34,123
DA:35,123
DA:43,2
FN:43,PriceOracle.getAssetPrice
FNDA:2,PriceOracle.getAssetPrice
DA:44,2
DA:45,2
BRDA:45,2,0,1
BRDA:45,2,1,1
DA:47,1
DA:48,1
DA:49,1
BRDA:49,3,0,-
BRDA:49,3,1,1
DA:51,1
DA:60,62
FN:60,PriceOracle.assetToUsd
FNDA:62,PriceOracle.assetToUsd
DA:61,62
BRDA:61,4,0,-
BRDA:61,4,1,62
DA:63,62
DA:64,62
BRDA:64,5,0,-
BRDA:64,5,1,62
DA:66,62
DA:67,62
DA:68,62
BRDA:68,6,0,-
BRDA:68,6,1,62
DA:71,62
DA:72,62
FNF:4
FNH:4
LF:23
LH:23
BRF:14
BRH:9
end_of_record
TN:
SF:test/LendingPool.t.sol
DA:14,0
FN:14,RejectETH.fallback
FNDA:0,RejectETH.fallback
DA:26,1
FN:26,TestLendingPool.addProtocolFees
FNDA:1,TestLendingPool.addProtocolFees
DA:27,1
FNF:2
FNH:1
LF:3
LH:2
BRF:0
BRH:0
end_of_record
TN:
SF:test/mocks/MockERC20.sol
DA:18,96
FN:18,MockERC20.mint
FNDA:96,MockERC20.mint
DA:19,96
DA:27,0
FN:27,MockERC20.burn
FNDA:0,MockERC20.burn
DA:28,0
DA:34,0
FN:34,MockERC20.decimals
FNDA:0,MockERC20.decimals
DA:35,0
FNF:3
FNH:1
LF:6
LH:2
BRF:0
BRH:0
end_of_record
TN:
SF:test/mocks/MockPriceFeed.sol
DA:25,63
FN:25,MockPriceFeed.latestRoundData
FNDA:63,MockPriceFeed.latestRoundData
DA:32,63
DA:39,51
FN:39,MockPriceFeed.setPrice
FNDA:51,MockPriceFeed.setPrice
DA:40,51
BRDA:40,0,0,-
BRDA:40,0,1,51
DA:41,51
DA:42,51
DA:43,51
DA:44,51
DA:50,0
FN:50,MockPriceFeed.decimals
FNDA:0,MockPriceFeed.decimals
DA:51,0
DA:57,0
FN:57,MockPriceFeed.description
FNDA:0,MockPriceFeed.description
DA:58,0
DA:64,0
FN:64,MockPriceFeed.version
FNDA:0,MockPriceFeed.version
DA:65,0
DA:68,0
FN:68,MockPriceFeed.getRoundData
FNDA:0,MockPriceFeed.getRoundData
DA:75,0
FNF:6
FNH:2
LF:16
LH:8
BRF:2
BRH:1
end_of_record
